This file contains any messages produced by compilers while
running configure, to aid debugging if configure makes a mistake.

It was created by mtd-utils configure 2.0.1, which was
generated by GNU Autoconf 2.69.  Invocation command line was

  $ ./configure --without-xattr --disable-tests

## --------- ##
## Platform. ##
## --------- ##

hostname = bs
uname -m = x86_64
uname -r = 5.4.0-48-generic
uname -s = Linux
uname -v = #52-Ubuntu SMP Thu Sep 10 10:58:49 UTC 2020

/usr/bin/uname -p = unknown
/bin/uname -X     = unknown

/bin/arch              = unknown
/usr/bin/arch -k       = unknown
/usr/convex/getsysinfo = unknown
/usr/bin/hostinfo      = unknown
/bin/machine           = unknown
/usr/bin/oslevel       = unknown
/bin/universe          = unknown

PATH: /usr/local/sbin
PATH: /usr/local/bin
PATH: /usr/sbin
PATH: /usr/bin
PATH: /sbin
PATH: /bin
PATH: /usr/games
PATH: /usr/local/games
PATH: /snap/bin


## ----------- ##
## Core tests. ##
## ----------- ##

configure:2555: checking for a BSD-compatible install
configure:2623: result: /usr/bin/install -c
configure:2634: checking whether build environment is sane
configure:2689: result: yes
configure:2838: checking for a thread-safe mkdir -p
configure:2877: result: /bin/mkdir -p
configure:2890: checking for gawk
configure:2906: found /usr/bin/gawk
configure:2917: result: gawk
configure:2928: checking whether make sets $(MAKE)
configure:2950: result: yes
configure:3041: checking whether make supports nested variables
configure:3058: result: yes
configure:3098: checking build system type
configure:3112: result: x86_64-unknown-linux-gnu
configure:3132: checking host system type
configure:3145: result: x86_64-unknown-linux-gnu
configure:3186: checking how to print strings
configure:3213: result: printf
configure:3246: checking for style of include used by make
configure:3274: result: GNU
configure:3345: checking for gcc
configure:3372: result: gcc
configure:3601: checking for C compiler version
configure:3610: gcc --version >&5
gcc (Ubuntu 9.3.0-17ubuntu1~20.04) 9.3.0
Copyright (C) 2019 Free Software Foundation, Inc.
This is free software; see the source for copying conditions.  There is NO
warranty; not even for MERCHANTABILITY or FITNESS FOR A PARTICULAR PURPOSE.

configure:3621: $? = 0
configure:3610: gcc -v >&5
Using built-in specs.
COLLECT_GCC=gcc
COLLECT_LTO_WRAPPER=/usr/lib/gcc/x86_64-linux-gnu/9/lto-wrapper
OFFLOAD_TARGET_NAMES=nvptx-none:hsa
OFFLOAD_TARGET_DEFAULT=1
Target: x86_64-linux-gnu
Configured with: ../src/configure -v --with-pkgversion='Ubuntu 9.3.0-17ubuntu1~20.04' --with-bugurl=file:///usr/share/doc/gcc-9/README.Bugs --enable-languages=c,ada,c++,go,brig,d,fortran,objc,obj-c++,gm2 --prefix=/usr --with-gcc-major-version-only --program-suffix=-9 --program-prefix=x86_64-linux-gnu- --enable-shared --enable-linker-build-id --libexecdir=/usr/lib --without-included-gettext --enable-threads=posix --libdir=/usr/lib --enable-nls --enable-clocale=gnu --enable-libstdcxx-debug --enable-libstdcxx-time=yes --with-default-libstdcxx-abi=new --enable-gnu-unique-object --disable-vtable-verify --enable-plugin --enable-default-pie --with-system-zlib --with-target-system-zlib=auto --enable-objc-gc=auto --enable-multiarch --disable-werror --with-arch-32=i686 --with-abi=m64 --with-multilib-list=m32,m64,mx32 --enable-multilib --with-tune=generic --enable-offload-targets=nvptx-none=/build/gcc-9-HskZEa/gcc-9-9.3.0/debian/tmp-nvptx/usr,hsa --without-cuda-driver --enable-checking=release --build=x86_64-linux-gnu --host=x86_64-linux-gnu --target=x86_64-linux-gnu
Thread model: posix
gcc version 9.3.0 (Ubuntu 9.3.0-17ubuntu1~20.04) 
configure:3621: $? = 0
configure:3610: gcc -V >&5
gcc: error: unrecognized command line option '-V'
gcc: fatal error: no input files
compilation terminated.
configure:3621: $? = 1
configure:3610: gcc -qversion >&5
gcc: error: unrecognized command line option '-qversion'; did you mean '--version'?
gcc: fatal error: no input files
compilation terminated.
configure:3621: $? = 1
configure:3641: checking whether the C compiler works
configure:3663: gcc   -O2 -DGNU -I/home/inteno/jenkins/workspace/iopsysWrt-Milestones/build_dir/target-arm_xscale_musl_eabi/bcmkernel-4.1-502070/bcm963xx/bcmdrivers/opensource/include/bcm963xx -I/home/inteno/jenkins/workspace/iopsysWrt-Milestones/build_dir/target-arm_xscale_musl_eabi/bcmkernel-4.1-502070/bcm963xx/shared/opensource/include/bcm963xx -I.    conftest.c  >&5
configure:3667: $? = 0
configure:3715: result: yes
configure:3718: checking for C compiler default output file name
configure:3720: result: a.out
configure:3726: checking for suffix of executables
configure:3733: gcc -o conftest   -O2 -DGNU -I/home/inteno/jenkins/workspace/iopsysWrt-Milestones/build_dir/target-arm_xscale_musl_eabi/bcmkernel-4.1-502070/bcm963xx/bcmdrivers/opensource/include/bcm963xx -I/home/inteno/jenkins/workspace/iopsysWrt-Milestones/build_dir/target-arm_xscale_musl_eabi/bcmkernel-4.1-502070/bcm963xx/shared/opensource/include/bcm963xx -I.    conftest.c  >&5
configure:3737: $? = 0
configure:3759: result: 
configure:3781: checking whether we are cross compiling
configure:3789: gcc -o conftest   -O2 -DGNU -I/home/inteno/jenkins/workspace/iopsysWrt-Milestones/build_dir/target-arm_xscale_musl_eabi/bcmkernel-4.1-502070/bcm963xx/bcmdrivers/opensource/include/bcm963xx -I/home/inteno/jenkins/workspace/iopsysWrt-Milestones/build_dir/target-arm_xscale_musl_eabi/bcmkernel-4.1-502070/bcm963xx/shared/opensource/include/bcm963xx -I.    conftest.c  >&5
configure:3793: $? = 0
configure:3800: ./conftest
configure:3804: $? = 0
configure:3792: result: no
configure:3797: checking for suffix of object files
configure:3819: gcc -c   -O2 -DGNU -I/home/inteno/jenkins/workspace/iopsysWrt-Milestones/build_dir/target-arm_xscale_musl_eabi/bcmkernel-4.1-502070/bcm963xx/bcmdrivers/opensource/include/bcm963xx -I/home/inteno/jenkins/workspace/iopsysWrt-Milestones/build_dir/target-arm_xscale_musl_eabi/bcmkernel-4.1-502070/bcm963xx/shared/opensource/include/bcm963xx -I.   conftest.c >&5
configure:3823: $? = 0
configure:3844: result: o
configure:3848: checking whether we are using the GNU C compiler
configure:3867: gcc -c   -O2 -DGNU -I/home/inteno/jenkins/workspace/iopsysWrt-Milestones/build_dir/target-arm_xscale_musl_eabi/bcmkernel-4.1-502070/bcm963xx/bcmdrivers/opensource/include/bcm963xx -I/home/inteno/jenkins/workspace/iopsysWrt-Milestones/build_dir/target-arm_xscale_musl_eabi/bcmkernel-4.1-502070/bcm963xx/shared/opensource/include/bcm963xx -I.   conftest.c >&5
configure:3867: $? = 0
configure:3876: result: yes
configure:3885: checking whether gcc accepts -g
configure:3905: gcc -c -g  conftest.c >&5
configure:3905: $? = 0
configure:3946: result: yes
configure:3963: checking for gcc option to accept ISO C89
configure:4026: gcc  -c   -O2 -DGNU -I/home/inteno/jenkins/workspace/iopsysWrt-Milestones/build_dir/target-arm_xscale_musl_eabi/bcmkernel-4.1-502070/bcm963xx/bcmdrivers/opensource/include/bcm963xx -I/home/inteno/jenkins/workspace/iopsysWrt-Milestones/build_dir/target-arm_xscale_musl_eabi/bcmkernel-4.1-502070/bcm963xx/shared/opensource/include/bcm963xx -I.   conftest.c >&5
configure:4026: $? = 0
configure:4039: result: none needed
configure:4061: checking dependency style of gcc
configure:4172: result: gcc3
configure:4187: checking for a sed that does not truncate output
configure:4251: result: /bin/sed
configure:4269: checking for grep that handles long lines and -e
configure:4327: result: /bin/grep
configure:4332: checking for egrep
configure:4394: result: /bin/grep -E
configure:4399: checking for fgrep
configure:4461: result: /bin/grep -F
configure:4496: checking for ld used by gcc
configure:4563: result: /usr/bin/ld
configure:4570: checking if the linker (/usr/bin/ld) is GNU ld
configure:4585: result: yes
configure:4597: checking for BSD- or MS-compatible name lister (nm)
configure:4646: result: /usr/bin/nm -B
configure:4776: checking the name lister (/usr/bin/nm -B) interface
configure:4783: gcc -c   -O2 -DGNU -I/home/inteno/jenkins/workspace/iopsysWrt-Milestones/build_dir/target-arm_xscale_musl_eabi/bcmkernel-4.1-502070/bcm963xx/bcmdrivers/opensource/include/bcm963xx -I/home/inteno/jenkins/workspace/iopsysWrt-Milestones/build_dir/target-arm_xscale_musl_eabi/bcmkernel-4.1-502070/bcm963xx/shared/opensource/include/bcm963xx -I.   conftest.c >&5
configure:4786: /usr/bin/nm -B "conftest.o"
configure:4789: output
0000000000000000 B some_variable
configure:4790: result: BSD nm
configure:4793: checking whether ln -s works
configure:4797: result: yes
configure:4805: checking the maximum length of command line arguments
configure:4935: result: 1572864
configure:4952: checking whether the shell understands some XSI constructs
configure:4961: result: yes
configure:4965: checking whether the shell understands "+="
configure:4969: result: yes
configure:5004: checking how to convert x86_64-unknown-linux-gnu file names to x86_64-unknown-linux-gnu format
configure:5044: result: func_convert_file_noop
configure:5051: checking how to convert x86_64-unknown-linux-gnu file names to toolchain format
configure:5071: result: func_convert_file_noop
configure:5078: checking for /usr/bin/ld option to reload object files
configure:5085: result: -r
configure:5159: checking for objdump
configure:5175: found /usr/bin/objdump
configure:5186: result: objdump
configure:5218: checking how to recognize dependent libraries
configure:5420: result: pass_all
configure:5505: checking for dlltool
configure:5535: result: no
configure:5565: checking how to associate runtime and link libraries
configure:5592: result: printf %s\n
configure:5653: checking for ar
configure:5669: found /usr/bin/ar
configure:5680: result: ar
configure:5717: checking for archiver @FILE support
configure:5734: gcc -c   -O2 -DGNU -I/home/inteno/jenkins/workspace/iopsysWrt-Milestones/build_dir/target-arm_xscale_musl_eabi/bcmkernel-4.1-502070/bcm963xx/bcmdrivers/opensource/include/bcm963xx -I/home/inteno/jenkins/workspace/iopsysWrt-Milestones/build_dir/target-arm_xscale_musl_eabi/bcmkernel-4.1-502070/bcm963xx/shared/opensource/include/bcm963xx -I.   conftest.c >&5
configure:5734: $? = 0
configure:5737: ar cru libconftest.a @conftest.lst >&5
ar: `u' modifier ignored since `D' is the default (see `U')
configure:5740: $? = 0
configure:5745: ar cru libconftest.a @conftest.lst >&5
ar: `u' modifier ignored since `D' is the default (see `U')
ar: conftest.o: No such file or directory
configure:5748: $? = 1
configure:5747: result: @
configure:5805: checking for strip
configure:5832: result: strip
configure:5904: checking for ranlib
configure:5920: found /usr/bin/ranlib
configure:5931: result: ranlib
configure:6033: checking command to parse /usr/bin/nm -B output from gcc object
configure:6153: gcc -c   -O2 -DGNU -I/home/inteno/jenkins/workspace/iopsysWrt-Milestones/build_dir/target-arm_xscale_musl_eabi/bcmkernel-4.1-502070/bcm963xx/bcmdrivers/opensource/include/bcm963xx -I/home/inteno/jenkins/workspace/iopsysWrt-Milestones/build_dir/target-arm_xscale_musl_eabi/bcmkernel-4.1-502070/bcm963xx/shared/opensource/include/bcm963xx -I.   conftest.c >&5
configure:6156: $? = 0
configure:6160: /usr/bin/nm -B conftest.o \| sed -n -e 's/^.*[ ]\([ABCDGIRSTW][ABCDGIRSTW]*\)[ ][ ]*\([_A-Za-z][_A-Za-z0-9]*\)$/\1 \2 \2/p' | sed '/ __gnu_lto/d' \> conftest.nm
configure:6163: $? = 0
configure:6229: gcc -o conftest   -O2 -DGNU -I/home/inteno/jenkins/workspace/iopsysWrt-Milestones/build_dir/target-arm_xscale_musl_eabi/bcmkernel-4.1-502070/bcm963xx/bcmdrivers/opensource/include/bcm963xx -I/home/inteno/jenkins/workspace/iopsysWrt-Milestones/build_dir/target-arm_xscale_musl_eabi/bcmkernel-4.1-502070/bcm963xx/shared/opensource/include/bcm963xx -I.    conftest.c conftstm.o >&5
configure:6232: $? = 0
configure:6270: result: ok
configure:6307: checking for sysroot
configure:6337: result: no
configure:6414: gcc -c   -O2 -DGNU -I/home/inteno/jenkins/workspace/iopsysWrt-Milestones/build_dir/target-arm_xscale_musl_eabi/bcmkernel-4.1-502070/bcm963xx/bcmdrivers/opensource/include/bcm963xx -I/home/inteno/jenkins/workspace/iopsysWrt-Milestones/build_dir/target-arm_xscale_musl_eabi/bcmkernel-4.1-502070/bcm963xx/shared/opensource/include/bcm963xx -I.   conftest.c >&5
configure:6417: $? = 0
configure:6593: checking for mt
configure:6609: found /bin/mt
configure:6620: result: mt
configure:6643: checking if mt is a manifest tool
configure:6649: mt '-?'
configure:6657: result: no
configure:7299: checking how to run the C preprocessor
configure:7330: gcc -E  conftest.c
configure:7330: $? = 0
configure:7344: gcc -E  conftest.c
conftest.c:11:10: fatal error: ac_nonexistent.h: No such file or directory
   11 | #include <ac_nonexistent.h>
      |          ^~~~~~~~~~~~~~~~~~
compilation terminated.
configure:7344: $? = 1
configure: failed program was:
| /* confdefs.h */
| #define PACKAGE_NAME "mtd-utils"
| #define PACKAGE_TARNAME "mtd-utils"
| #define PACKAGE_VERSION "2.0.1"
| #define PACKAGE_STRING "mtd-utils 2.0.1"
| #define PACKAGE_BUGREPORT "linux-mtd@lists.infradead.org"
| #define PACKAGE_URL ""
| #define PACKAGE "mtd-utils"
| #define VERSION "2.0.1"
| /* end confdefs.h.  */
| #include <ac_nonexistent.h>
configure:7369: result: gcc -E
configure:7389: gcc -E  conftest.c
configure:7389: $? = 0
configure:7403: gcc -E  conftest.c
conftest.c:11:10: fatal error: ac_nonexistent.h: No such file or directory
   11 | #include <ac_nonexistent.h>
      |          ^~~~~~~~~~~~~~~~~~
compilation terminated.
configure:7403: $? = 1
configure: failed program was:
| /* confdefs.h */
| #define PACKAGE_NAME "mtd-utils"
| #define PACKAGE_TARNAME "mtd-utils"
| #define PACKAGE_VERSION "2.0.1"
| #define PACKAGE_STRING "mtd-utils 2.0.1"
| #define PACKAGE_BUGREPORT "linux-mtd@lists.infradead.org"
| #define PACKAGE_URL ""
| #define PACKAGE "mtd-utils"
| #define VERSION "2.0.1"
| /* end confdefs.h.  */
| #include <ac_nonexistent.h>
configure:7432: checking for ANSI C header files
configure:7452: gcc -c   -O2 -DGNU -I/home/inteno/jenkins/workspace/iopsysWrt-Milestones/build_dir/target-arm_xscale_musl_eabi/bcmkernel-4.1-502070/bcm963xx/bcmdrivers/opensource/include/bcm963xx -I/home/inteno/jenkins/workspace/iopsysWrt-Milestones/build_dir/target-arm_xscale_musl_eabi/bcmkernel-4.1-502070/bcm963xx/shared/opensource/include/bcm963xx -I.   conftest.c >&5
configure:7452: $? = 0
configure:7525: gcc -o conftest   -O2 -DGNU -I/home/inteno/jenkins/workspace/iopsysWrt-Milestones/build_dir/target-arm_xscale_musl_eabi/bcmkernel-4.1-502070/bcm963xx/bcmdrivers/opensource/include/bcm963xx -I/home/inteno/jenkins/workspace/iopsysWrt-Milestones/build_dir/target-arm_xscale_musl_eabi/bcmkernel-4.1-502070/bcm963xx/shared/opensource/include/bcm963xx -I.    conftest.c  >&5
configure:7525: $? = 0
configure:7525: ./conftest
configure:7525: $? = 0
configure:7536: result: yes
configure:7549: checking for sys/types.h
configure:7549: gcc -c   -O2 -DGNU -I/home/inteno/jenkins/workspace/iopsysWrt-Milestones/build_dir/target-arm_xscale_musl_eabi/bcmkernel-4.1-502070/bcm963xx/bcmdrivers/opensource/include/bcm963xx -I/home/inteno/jenkins/workspace/iopsysWrt-Milestones/build_dir/target-arm_xscale_musl_eabi/bcmkernel-4.1-502070/bcm963xx/shared/opensource/include/bcm963xx -I.   conftest.c >&5
configure:7549: $? = 0
configure:7549: result: yes
configure:7549: checking for sys/stat.h
configure:7549: gcc -c   -O2 -DGNU -I/home/inteno/jenkins/workspace/iopsysWrt-Milestones/build_dir/target-arm_xscale_musl_eabi/bcmkernel-4.1-502070/bcm963xx/bcmdrivers/opensource/include/bcm963xx -I/home/inteno/jenkins/workspace/iopsysWrt-Milestones/build_dir/target-arm_xscale_musl_eabi/bcmkernel-4.1-502070/bcm963xx/shared/opensource/include/bcm963xx -I.   conftest.c >&5
configure:7549: $? = 0
configure:7549: result: yes
configure:7549: checking for stdlib.h
configure:7549: gcc -c   -O2 -DGNU -I/home/inteno/jenkins/workspace/iopsysWrt-Milestones/build_dir/target-arm_xscale_musl_eabi/bcmkernel-4.1-502070/bcm963xx/bcmdrivers/opensource/include/bcm963xx -I/home/inteno/jenkins/workspace/iopsysWrt-Milestones/build_dir/target-arm_xscale_musl_eabi/bcmkernel-4.1-502070/bcm963xx/shared/opensource/include/bcm963xx -I.   conftest.c >&5
configure:7549: $? = 0
configure:7549: result: yes
configure:7549: checking for string.h
configure:7549: gcc -c   -O2 -DGNU -I/home/inteno/jenkins/workspace/iopsysWrt-Milestones/build_dir/target-arm_xscale_musl_eabi/bcmkernel-4.1-502070/bcm963xx/bcmdrivers/opensource/include/bcm963xx -I/home/inteno/jenkins/workspace/iopsysWrt-Milestones/build_dir/target-arm_xscale_musl_eabi/bcmkernel-4.1-502070/bcm963xx/shared/opensource/include/bcm963xx -I.   conftest.c >&5
configure:7549: $? = 0
configure:7549: result: yes
configure:7549: checking for memory.h
configure:7549: gcc -c   -O2 -DGNU -I/home/inteno/jenkins/workspace/iopsysWrt-Milestones/build_dir/target-arm_xscale_musl_eabi/bcmkernel-4.1-502070/bcm963xx/bcmdrivers/opensource/include/bcm963xx -I/home/inteno/jenkins/workspace/iopsysWrt-Milestones/build_dir/target-arm_xscale_musl_eabi/bcmkernel-4.1-502070/bcm963xx/shared/opensource/include/bcm963xx -I.   conftest.c >&5
configure:7549: $? = 0
configure:7549: result: yes
configure:7549: checking for strings.h
configure:7549: gcc -c   -O2 -DGNU -I/home/inteno/jenkins/workspace/iopsysWrt-Milestones/build_dir/target-arm_xscale_musl_eabi/bcmkernel-4.1-502070/bcm963xx/bcmdrivers/opensource/include/bcm963xx -I/home/inteno/jenkins/workspace/iopsysWrt-Milestones/build_dir/target-arm_xscale_musl_eabi/bcmkernel-4.1-502070/bcm963xx/shared/opensource/include/bcm963xx -I.   conftest.c >&5
configure:7549: $? = 0
configure:7549: result: yes
configure:7549: checking for inttypes.h
configure:7549: gcc -c   -O2 -DGNU -I/home/inteno/jenkins/workspace/iopsysWrt-Milestones/build_dir/target-arm_xscale_musl_eabi/bcmkernel-4.1-502070/bcm963xx/bcmdrivers/opensource/include/bcm963xx -I/home/inteno/jenkins/workspace/iopsysWrt-Milestones/build_dir/target-arm_xscale_musl_eabi/bcmkernel-4.1-502070/bcm963xx/shared/opensource/include/bcm963xx -I.   conftest.c >&5
configure:7549: $? = 0
configure:7549: result: yes
configure:7549: checking for stdint.h
configure:7549: gcc -c   -O2 -DGNU -I/home/inteno/jenkins/workspace/iopsysWrt-Milestones/build_dir/target-arm_xscale_musl_eabi/bcmkernel-4.1-502070/bcm963xx/bcmdrivers/opensource/include/bcm963xx -I/home/inteno/jenkins/workspace/iopsysWrt-Milestones/build_dir/target-arm_xscale_musl_eabi/bcmkernel-4.1-502070/bcm963xx/shared/opensource/include/bcm963xx -I.   conftest.c >&5
configure:7549: $? = 0
configure:7549: result: yes
configure:7549: checking for unistd.h
configure:7549: gcc -c   -O2 -DGNU -I/home/inteno/jenkins/workspace/iopsysWrt-Milestones/build_dir/target-arm_xscale_musl_eabi/bcmkernel-4.1-502070/bcm963xx/bcmdrivers/opensource/include/bcm963xx -I/home/inteno/jenkins/workspace/iopsysWrt-Milestones/build_dir/target-arm_xscale_musl_eabi/bcmkernel-4.1-502070/bcm963xx/shared/opensource/include/bcm963xx -I.   conftest.c >&5
configure:7549: $? = 0
configure:7549: result: yes
configure:7563: checking for dlfcn.h
configure:7563: gcc -c   -O2 -DGNU -I/home/inteno/jenkins/workspace/iopsysWrt-Milestones/build_dir/target-arm_xscale_musl_eabi/bcmkernel-4.1-502070/bcm963xx/bcmdrivers/opensource/include/bcm963xx -I/home/inteno/jenkins/workspace/iopsysWrt-Milestones/build_dir/target-arm_xscale_musl_eabi/bcmkernel-4.1-502070/bcm963xx/shared/opensource/include/bcm963xx -I.   conftest.c >&5
configure:7563: $? = 0
configure:7563: result: yes
configure:7769: checking for objdir
configure:7784: result: .libs
configure:8055: checking if gcc supports -fno-rtti -fno-exceptions
configure:8073: gcc -c   -O2 -DGNU -I/home/inteno/jenkins/workspace/iopsysWrt-Milestones/build_dir/target-arm_xscale_musl_eabi/bcmkernel-4.1-502070/bcm963xx/bcmdrivers/opensource/include/bcm963xx -I/home/inteno/jenkins/workspace/iopsysWrt-Milestones/build_dir/target-arm_xscale_musl_eabi/bcmkernel-4.1-502070/bcm963xx/shared/opensource/include/bcm963xx -I.   -fno-rtti -fno-exceptions conftest.c >&5
cc1: warning: command line option '-fno-rtti' is valid for C++/D/ObjC++ but not for C
configure:8077: $? = 0
configure:8090: result: no
configure:8417: checking for gcc option to produce PIC
configure:8424: result: -fPIC -DPIC
configure:8432: checking if gcc PIC flag -fPIC -DPIC works
configure:8450: gcc -c   -O2 -DGNU -I/home/inteno/jenkins/workspace/iopsysWrt-Milestones/build_dir/target-arm_xscale_musl_eabi/bcmkernel-4.1-502070/bcm963xx/bcmdrivers/opensource/include/bcm963xx -I/home/inteno/jenkins/workspace/iopsysWrt-Milestones/build_dir/target-arm_xscale_musl_eabi/bcmkernel-4.1-502070/bcm963xx/shared/opensource/include/bcm963xx -I.   -fPIC -DPIC -DPIC conftest.c >&5
configure:8454: $? = 0
configure:8467: result: yes
configure:8496: checking if gcc static flag -static works
configure:8524: result: yes
configure:8539: checking if gcc supports -c -o file.o
configure:8560: gcc -c   -O2 -DGNU -I/home/inteno/jenkins/workspace/iopsysWrt-Milestones/build_dir/target-arm_xscale_musl_eabi/bcmkernel-4.1-502070/bcm963xx/bcmdrivers/opensource/include/bcm963xx -I/home/inteno/jenkins/workspace/iopsysWrt-Milestones/build_dir/target-arm_xscale_musl_eabi/bcmkernel-4.1-502070/bcm963xx/shared/opensource/include/bcm963xx -I.   -o out/conftest2.o conftest.c >&5
configure:8564: $? = 0
configure:8586: result: yes
configure:8594: checking if gcc supports -c -o file.o
configure:8641: result: yes
configure:8674: checking whether the gcc linker (/usr/bin/ld -m elf_x86_64) supports shared libraries
configure:9827: result: yes
configure:9864: checking whether -lc should be explicitly linked in
configure:9872: gcc -c   -O2 -DGNU -I/home/inteno/jenkins/workspace/iopsysWrt-Milestones/build_dir/target-arm_xscale_musl_eabi/bcmkernel-4.1-502070/bcm963xx/bcmdrivers/opensource/include/bcm963xx -I/home/inteno/jenkins/workspace/iopsysWrt-Milestones/build_dir/target-arm_xscale_musl_eabi/bcmkernel-4.1-502070/bcm963xx/shared/opensource/include/bcm963xx -I.   conftest.c >&5
configure:9875: $? = 0
configure:9890: gcc -shared  -fPIC -DPIC conftest.o  -v -Wl,-soname -Wl,conftest -o conftest 2\>\&1 \| /bin/grep  -lc  \>/dev/null 2\>\&1
configure:9893: $? = 0
configure:9907: result: no
configure:10067: checking dynamic linker characteristics
configure:10578: gcc -o conftest   -O2 -DGNU -I/home/inteno/jenkins/workspace/iopsysWrt-Milestones/build_dir/target-arm_xscale_musl_eabi/bcmkernel-4.1-502070/bcm963xx/bcmdrivers/opensource/include/bcm963xx -I/home/inteno/jenkins/workspace/iopsysWrt-Milestones/build_dir/target-arm_xscale_musl_eabi/bcmkernel-4.1-502070/bcm963xx/shared/opensource/include/bcm963xx -I.    -Wl,-rpath -Wl,/foo conftest.c  >&5
configure:10578: $? = 0
configure:10800: result: GNU/Linux ld.so
configure:10907: checking how to hardcode library paths into programs
configure:10932: result: immediate
configure:11472: checking whether stripping libraries is possible
configure:11477: result: yes
configure:11512: checking if libtool supports shared libraries
configure:11514: result: yes
configure:11517: checking whether to build shared libraries
configure:11538: result: yes
configure:11541: checking whether to build static libraries
configure:11545: result: yes
configure:8668: checking for gcc
configure:8695: result: gcc
configure:8924: checking for C compiler version
configure:8933: gcc --version >&5
gcc (Ubuntu 9.3.0-17ubuntu1~20.04) 9.3.0
Copyright (C) 2019 Free Software Foundation, Inc.
This is free software; see the source for copying conditions.  There is NO
warranty; not even for MERCHANTABILITY or FITNESS FOR A PARTICULAR PURPOSE.

configure:8944: $? = 0
configure:8933: gcc -v >&5
Using built-in specs.
COLLECT_GCC=gcc
COLLECT_LTO_WRAPPER=/usr/lib/gcc/x86_64-linux-gnu/9/lto-wrapper
OFFLOAD_TARGET_NAMES=nvptx-none:hsa
OFFLOAD_TARGET_DEFAULT=1
Target: x86_64-linux-gnu
Configured with: ../src/configure -v --with-pkgversion='Ubuntu 9.3.0-17ubuntu1~20.04' --with-bugurl=file:///usr/share/doc/gcc-9/README.Bugs --enable-languages=c,ada,c++,go,brig,d,fortran,objc,obj-c++,gm2 --prefix=/usr --with-gcc-major-version-only --program-suffix=-9 --program-prefix=x86_64-linux-gnu- --enable-shared --enable-linker-build-id --libexecdir=/usr/lib --without-included-gettext --enable-threads=posix --libdir=/usr/lib --enable-nls --enable-clocale=gnu --enable-libstdcxx-debug --enable-libstdcxx-time=yes --with-default-libstdcxx-abi=new --enable-gnu-unique-object --disable-vtable-verify --enable-plugin --enable-default-pie --with-system-zlib --with-target-system-zlib=auto --enable-objc-gc=auto --enable-multiarch --disable-werror --with-arch-32=i686 --with-abi=m64 --with-multilib-list=m32,m64,mx32 --enable-multilib --with-tune=generic --enable-offload-targets=nvptx-none=/build/gcc-9-HskZEa/gcc-9-9.3.0/debian/tmp-nvptx/usr,hsa --without-cuda-driver --enable-checking=release --build=x86_64-linux-gnu --host=x86_64-linux-gnu --target=x86_64-linux-gnu
Thread model: posix
gcc version 9.3.0 (Ubuntu 9.3.0-17ubuntu1~20.04) 
configure:8944: $? = 0
configure:8933: gcc -V >&5
gcc: error: unrecognized command line option '-V'
gcc: fatal error: no input files
compilation terminated.
configure:8944: $? = 1
configure:8933: gcc -qversion >&5
gcc: error: unrecognized command line option '-qversion'; did you mean '--version'?
gcc: fatal error: no input files
compilation terminated.
configure:8944: $? = 1
configure:8948: checking whether we are using the GNU C compiler
configure:8976: result: yes
configure:8985: checking whether gcc accepts -g
configure:9046: result: yes
configure:9063: checking for gcc option to accept ISO C89
configure:9139: result: none needed
configure:9161: checking dependency style of gcc
configure:9272: result: gcc3
configure:9292: checking whether compiler handles -Wall
configure:9316: gcc -E -Werror  -Wall conftest.c
configure:9316: $? = 0
configure:9328: result: yes
configure:9336: checking whether compiler handles -Wextra
configure:9360: gcc -E -Werror  -Wextra conftest.c
configure:9360: $? = 0
configure:9372: result: yes
configure:9380: checking whether compiler handles -Wunused
configure:9404: gcc -E -Werror  -Wunused conftest.c
configure:9404: $? = 0
configure:9416: result: yes
configure:9424: checking whether compiler handles -Wmissing-prototypes
configure:9448: gcc -E -Werror  -Wmissing-prototypes conftest.c
configure:9448: $? = 0
configure:9460: result: yes
configure:9468: checking whether compiler handles -Wmissing-declarations
configure:9492: gcc -E -Werror  -Wmissing-declarations conftest.c
configure:9492: $? = 0
configure:9504: result: yes
configure:9512: checking whether compiler handles -Wwrite-strings
configure:9536: gcc -E -Werror  -Wwrite-strings conftest.c
configure:9536: $? = 0
configure:9548: result: yes
configure:9556: checking whether compiler handles -Wjump-misses-init
configure:9580: gcc -E -Werror  -Wjump-misses-init conftest.c
configure:9580: $? = 0
configure:9592: result: yes
configure:9600: checking whether compiler handles -Wuninitialized
configure:9624: gcc -E -Werror  -Wuninitialized conftest.c
configure:9624: $? = 0
configure:9636: result: yes
configure:9644: checking whether compiler handles -Winit-self
configure:9668: gcc -E -Werror  -Winit-self conftest.c
configure:9668: $? = 0
configure:9680: result: yes
configure:9688: checking whether compiler handles -Wlogical-op
configure:9712: gcc -E -Werror  -Wlogical-op conftest.c
configure:9712: $? = 0
configure:9724: result: yes
configure:9732: checking whether compiler handles -Wunused-but-set-parameter
configure:9756: gcc -E -Werror  -Wunused-but-set-parameter conftest.c
configure:9756: $? = 0
configure:9768: result: yes
configure:9776: checking whether compiler handles -Wunused-but-set-variable
configure:9800: gcc -E -Werror  -Wunused-but-set-variable conftest.c
configure:9800: $? = 0
configure:9812: result: yes
configure:9820: checking whether compiler handles -Wunused-parameter
configure:9844: gcc -E -Werror  -Wunused-parameter conftest.c
configure:9844: $? = 0
configure:9856: result: yes
configure:9864: checking whether compiler handles -Wunused-result
configure:9888: gcc -E -Werror  -Wunused-result conftest.c
configure:9888: $? = 0
configure:9900: result: yes
configure:9908: checking whether compiler handles -Wunused-variable
configure:9932: gcc -E -Werror  -Wunused-variable conftest.c
configure:9932: $? = 0
configure:9944: result: yes
configure:9953: checking whether compiler handles -Wno-shadow
configure:9977: gcc -E -Werror  -Wno-shadow conftest.c
configure:9977: $? = 0
configure:9989: result: yes
configure:9997: checking whether compiler handles -Wno-sign-compare
configure:10021: gcc -E -Werror  -Wno-sign-compare conftest.c
configure:10021: $? = 0
configure:10033: result: yes
configure:10316: checking for pkg-config
configure:10334: found /usr/bin/pkg-config
configure:10346: result: /usr/bin/pkg-config
configure:10371: checking pkg-config is at least version 0.9.0
configure:10374: result: yes
configure:10384: checking for ZLIB
configure:10391: $PKG_CONFIG --exists --print-errors "zlib"
configure:10394: $? = 0
configure:10408: $PKG_CONFIG --exists --print-errors "zlib"
configure:10411: $? = 0
configure:10449: result: yes
configure:10458: checking for UUID
configure:10465: $PKG_CONFIG --exists --print-errors "uuid"
configure:10468: $? = 0
configure:10482: $PKG_CONFIG --exists --print-errors "uuid"
configure:10485: $? = 0
configure:10523: result: yes
configure:11248: checking for lzo1x_1_15_compress in -llzo2
configure:11273: gcc -o conftest   -O2 -DGNU -I/home/inteno/jenkins/workspace/iopsysWrt-Milestones/build_dir/target-arm_xscale_musl_eabi/bcmkernel-4.1-502070/bcm963xx/bcmdrivers/opensource/include/bcm963xx -I/home/inteno/jenkins/workspace/iopsysWrt-Milestones/build_dir/target-arm_xscale_musl_eabi/bcmkernel-4.1-502070/bcm963xx/shared/opensource/include/bcm963xx -I.    conftest.c -llzo2   >&5
configure:11273: $? = 0
configure:11282: result: yes
configure:11442: checking execinfo.h usability
configure:11442: gcc -c   -O2 -DGNU -I/home/inteno/jenkins/workspace/iopsysWrt-Milestones/build_dir/target-arm_xscale_musl_eabi/bcmkernel-4.1-502070/bcm963xx/bcmdrivers/opensource/include/bcm963xx -I/home/inteno/jenkins/workspace/iopsysWrt-Milestones/build_dir/target-arm_xscale_musl_eabi/bcmkernel-4.1-502070/bcm963xx/shared/opensource/include/bcm963xx -I.   conftest.c >&5
configure:11442: $? = 0
configure:11442: result: yes
configure:11442: checking execinfo.h presence
configure:11442: gcc -E  conftest.c
configure:11442: $? = 0
configure:11442: result: yes
configure:11442: checking for execinfo.h
configure:11442: result: yes
configure:11546: checking size of off_t
configure:11551: gcc -o conftest   -O2 -DGNU -I/home/inteno/jenkins/workspace/iopsysWrt-Milestones/build_dir/target-arm_xscale_musl_eabi/bcmkernel-4.1-502070/bcm963xx/bcmdrivers/opensource/include/bcm963xx -I/home/inteno/jenkins/workspace/iopsysWrt-Milestones/build_dir/target-arm_xscale_musl_eabi/bcmkernel-4.1-502070/bcm963xx/shared/opensource/include/bcm963xx -I.    conftest.c  >&5
configure:11551: $? = 0
configure:11551: ./conftest
configure:11551: $? = 0
configure:11565: result: 8
configure:11579: checking size of loff_t
configure:11584: gcc -o conftest   -O2 -DGNU -I/home/inteno/jenkins/workspace/iopsysWrt-Milestones/build_dir/target-arm_xscale_musl_eabi/bcmkernel-4.1-502070/bcm963xx/bcmdrivers/opensource/include/bcm963xx -I/home/inteno/jenkins/workspace/iopsysWrt-Milestones/build_dir/target-arm_xscale_musl_eabi/bcmkernel-4.1-502070/bcm963xx/shared/opensource/include/bcm963xx -I.    conftest.c  >&5
configure:11584: $? = 0
configure:11584: ./conftest
configure:11584: $? = 0
configure:11598: result: 8
configure:11730: checking that generated files are newer than configure
configure:11736: result: done
configure:11819: creating ./config.status

## ---------------------- ##
## Running config.status. ##
## ---------------------- ##

This file was extended by mtd-utils config.status 2.0.1, which was
generated by GNU Autoconf 2.69.  Invocation command line was

  CONFIG_FILES    = 
  CONFIG_HEADERS  = 
  CONFIG_LINKS    = 
  CONFIG_COMMANDS = 
  $ ./config.status 

on bs

config.status:1125: creating tests/fs-tests/fs_help_all.sh
config.status:1125: creating tests/fs-tests/fs_run_all.sh
config.status:1125: creating tests/fs-tests/stress/fs_stress00.sh
config.status:1125: creating tests/fs-tests/stress/fs_stress01.sh
config.status:1125: creating tests/ubi-tests/runubitests.sh
config.status:1125: creating tests/ubi-tests/ubi-stress-test.sh
config.status:1125: creating Makefile
config.status:1125: creating include/config.h
config.status:1354: executing depfiles commands
config.status:1354: executing libtool commands

## ---------------- ##
## Cache variables. ##
## ---------------- ##

ac_cv_build=x86_64-unknown-linux-gnu
ac_cv_c_compiler_gnu=yes
ac_cv_env_CC_set=set
ac_cv_env_CC_value=gcc
ac_cv_env_CFLAGS_set=set
ac_cv_env_CFLAGS_value='  -O2 -DGNU -I/home/inteno/jenkins/workspace/iopsysWrt-Milestones/build_dir/target-arm_xscale_musl_eabi/bcmkernel-4.1-502070/bcm963xx/bcmdrivers/opensource/include/bcm963xx -I/home/inteno/jenkins/workspace/iopsysWrt-Milestones/build_dir/target-arm_xscale_musl_eabi/bcmkernel-4.1-502070/bcm963xx/shared/opensource/include/bcm963xx -I. '
ac_cv_env_CMOCKA_CFLAGS_set=
ac_cv_env_CMOCKA_CFLAGS_value=
ac_cv_env_CMOCKA_LIBS_set=
ac_cv_env_CMOCKA_LIBS_value=
ac_cv_env_CPPFLAGS_set=
ac_cv_env_CPPFLAGS_value=
ac_cv_env_CPP_set=
ac_cv_env_CPP_value=
ac_cv_env_LDFLAGS_set=
ac_cv_env_LDFLAGS_value=
ac_cv_env_LIBS_set=
ac_cv_env_LIBS_value=
ac_cv_env_LZO_CFLAGS_set=
ac_cv_env_LZO_CFLAGS_value=
ac_cv_env_LZO_LIBS_set=
ac_cv_env_LZO_LIBS_value=
ac_cv_env_PKG_CONFIG_LIBDIR_set=
ac_cv_env_PKG_CONFIG_LIBDIR_value=
ac_cv_env_PKG_CONFIG_PATH_set=
ac_cv_env_PKG_CONFIG_PATH_value=
ac_cv_env_PKG_CONFIG_set=
ac_cv_env_PKG_CONFIG_value=
ac_cv_env_UUID_CFLAGS_set=
ac_cv_env_UUID_CFLAGS_value=
ac_cv_env_UUID_LIBS_set=
ac_cv_env_UUID_LIBS_value=
ac_cv_env_ZLIB_CFLAGS_set=
ac_cv_env_ZLIB_CFLAGS_value=
ac_cv_env_ZLIB_LIBS_set=
ac_cv_env_ZLIB_LIBS_value=
ac_cv_env_build_alias_set=
ac_cv_env_build_alias_value=
ac_cv_env_host_alias_set=
ac_cv_env_host_alias_value=
ac_cv_env_target_alias_set=
ac_cv_env_target_alias_value=
ac_cv_header_dlfcn_h=yes
ac_cv_header_execinfo_h=yes
ac_cv_header_inttypes_h=yes
ac_cv_header_memory_h=yes
ac_cv_header_stdc=yes
ac_cv_header_stdint_h=yes
ac_cv_header_stdlib_h=yes
ac_cv_header_string_h=yes
ac_cv_header_strings_h=yes
ac_cv_header_sys_stat_h=yes
ac_cv_header_sys_types_h=yes
ac_cv_header_unistd_h=yes
ac_cv_host=x86_64-unknown-linux-gnu
ac_cv_lib_lzo2_lzo1x_1_15_compress=yes
ac_cv_objext=o
ac_cv_path_EGREP='/bin/grep -E'
ac_cv_path_FGREP='/bin/grep -F'
ac_cv_path_GREP=/bin/grep
ac_cv_path_SED=/bin/sed
ac_cv_path_ac_pt_PKG_CONFIG=/usr/bin/pkg-config
ac_cv_path_install='/usr/bin/install -c'
ac_cv_path_mkdir=/bin/mkdir
ac_cv_prog_AWK=gawk
ac_cv_prog_CPP='gcc -E'
ac_cv_prog_ac_ct_AR=ar
ac_cv_prog_ac_ct_CC=gcc
ac_cv_prog_ac_ct_MANIFEST_TOOL=mt
ac_cv_prog_ac_ct_OBJDUMP=objdump
ac_cv_prog_ac_ct_RANLIB=ranlib
ac_cv_prog_ac_ct_STRIP=strip
ac_cv_prog_cc_c89=
ac_cv_prog_cc_g=yes
ac_cv_prog_make_make_set=yes
ac_cv_sizeof_loff_t=8
ac_cv_sizeof_off_t=8
am_cv_CC_dependencies_compiler_type=gcc3
am_cv_make_support_nested_variables=yes
lt_cv_ar_at_file=@
lt_cv_archive_cmds_need_lc=no
lt_cv_deplibs_check_method=pass_all
lt_cv_file_magic_cmd='$MAGIC_CMD'
lt_cv_file_magic_test_file=
lt_cv_ld_reload_flag=-r
lt_cv_nm_interface='BSD nm'
lt_cv_objdir=.libs
lt_cv_path_LD=/usr/bin/ld
lt_cv_path_NM='/usr/bin/nm -B'
lt_cv_path_mainfest_tool=no
lt_cv_prog_compiler_c_o=yes
lt_cv_prog_compiler_pic='-fPIC -DPIC'
lt_cv_prog_compiler_pic_works=yes
lt_cv_prog_compiler_rtti_exceptions=no
lt_cv_prog_compiler_static_works=yes
lt_cv_prog_gnu_ld=yes
lt_cv_sharedlib_from_linklib_cmd='printf %s\n'
lt_cv_shlibpath_overrides_runpath=yes
lt_cv_sys_global_symbol_pipe='sed -n -e '\''s/^.*[	 ]\([ABCDGIRSTW][ABCDGIRSTW]*\)[	 ][	 ]*\([_A-Za-z][_A-Za-z0-9]*\)$/\1 \2 \2/p'\'' | sed '\''/ __gnu_lto/d'\'''
lt_cv_sys_global_symbol_to_c_name_address='sed -n -e '\''s/^: \([^ ]*\)[ ]*$/  {\"\1\", (void *) 0},/p'\'' -e '\''s/^[ABCDGIRSTW]* \([^ ]*\) \([^ ]*\)$/  {"\2", (void *) \&\2},/p'\'''
lt_cv_sys_global_symbol_to_c_name_address_lib_prefix='sed -n -e '\''s/^: \([^ ]*\)[ ]*$/  {\"\1\", (void *) 0},/p'\'' -e '\''s/^[ABCDGIRSTW]* \([^ ]*\) \(lib[^ ]*\)$/  {"\2", (void *) \&\2},/p'\'' -e '\''s/^[ABCDGIRSTW]* \([^ ]*\) \([^ ]*\)$/  {"lib\2", (void *) \&\2},/p'\'''
lt_cv_sys_global_symbol_to_cdecl='sed -n -e '\''s/^T .* \(.*\)$/extern int \1();/p'\'' -e '\''s/^[ABCDGIRSTW]* .* \(.*\)$/extern char \1;/p'\'''
lt_cv_sys_max_cmd_len=1572864
lt_cv_to_host_file_cmd=func_convert_file_noop
lt_cv_to_tool_file_cmd=func_convert_file_noop
pkg_cv_UUID_CFLAGS=-I/usr/include/uuid
pkg_cv_UUID_LIBS=-luuid
pkg_cv_ZLIB_CFLAGS=
pkg_cv_ZLIB_LIBS=-lz
ul_cv_warn__Wall=yes
ul_cv_warn__Wextra=yes
ul_cv_warn__Winit_self=yes
ul_cv_warn__Wjump_misses_init=yes
ul_cv_warn__Wlogical_op=yes
ul_cv_warn__Wmissing_declarations=yes
ul_cv_warn__Wmissing_prototypes=yes
ul_cv_warn__Wno_shadow=yes
ul_cv_warn__Wno_sign_compare=yes
ul_cv_warn__Wuninitialized=yes
ul_cv_warn__Wunused=yes
ul_cv_warn__Wunused_but_set_parameter=yes
ul_cv_warn__Wunused_but_set_variable=yes
ul_cv_warn__Wunused_parameter=yes
ul_cv_warn__Wunused_result=yes
ul_cv_warn__Wunused_variable=yes
ul_cv_warn__Wwrite_strings=yes

## ----------------- ##
## Output variables. ##
## ----------------- ##

ACLOCAL='${SHELL} /home/inteno/jenkins/workspace/iopsysWrt-Milestones/build_dir/target-arm_xscale_musl_eabi/bcmkernel-4.1-502070/bcm963xx/hostTools/mtd-utils-2.0.1/missing --run aclocal-1.12'
AMDEPBACKSLASH='\'
AMDEP_FALSE='#'
AMDEP_TRUE=''
AMTAR='$${TAR-tar}'
AM_BACKSLASH='\'
AM_DEFAULT_V='$(AM_DEFAULT_VERBOSITY)'
AM_DEFAULT_VERBOSITY='0'
AM_V='$(V)'
AR='ar'
AUTOCONF='${SHELL} /home/inteno/jenkins/workspace/iopsysWrt-Milestones/build_dir/target-arm_xscale_musl_eabi/bcmkernel-4.1-502070/bcm963xx/hostTools/mtd-utils-2.0.1/missing --run autoconf'
AUTOHEADER='${SHELL} /home/inteno/jenkins/workspace/iopsysWrt-Milestones/build_dir/target-arm_xscale_musl_eabi/bcmkernel-4.1-502070/bcm963xx/hostTools/mtd-utils-2.0.1/missing --run autoheader'
AUTOMAKE='${SHELL} /home/inteno/jenkins/workspace/iopsysWrt-Milestones/build_dir/target-arm_xscale_musl_eabi/bcmkernel-4.1-502070/bcm963xx/hostTools/mtd-utils-2.0.1/missing --run automake-1.12'
AWK='gawk'
BUILD_JFFSX_FALSE='#'
BUILD_JFFSX_TRUE=''
BUILD_TESTS_FALSE=''
BUILD_TESTS_TRUE='#'
BUILD_UBIFS_FALSE='#'
BUILD_UBIFS_TRUE=''
CC='gcc'
CCDEPMODE='depmode=gcc3'
CFLAGS='  -O2 -DGNU -I/home/inteno/jenkins/workspace/iopsysWrt-Milestones/build_dir/target-arm_xscale_musl_eabi/bcmkernel-4.1-502070/bcm963xx/bcmdrivers/opensource/include/bcm963xx -I/home/inteno/jenkins/workspace/iopsysWrt-Milestones/build_dir/target-arm_xscale_musl_eabi/bcmkernel-4.1-502070/bcm963xx/shared/opensource/include/bcm963xx -I. '
CMOCKA_CFLAGS=''
CMOCKA_LIBS=''
CPP='gcc -E'
CPPFLAGS=''
CYGPATH_W='echo'
DEFS='-DHAVE_CONFIG_H'
DEPDIR='.deps'
DLLTOOL='false'
DSYMUTIL=''
DUMPBIN=''
ECHO_C=''
ECHO_N='-n'
ECHO_T=''
EGREP='/bin/grep -E'
EXEEXT=''
FGREP='/bin/grep -F'
GREP='/bin/grep'
INSTALL_DATA='${INSTALL} -m 644'
INSTALL_PROGRAM='${INSTALL}'
INSTALL_SCRIPT='${INSTALL}'
INSTALL_STRIP_PROGRAM='$(install_sh) -c -s'
INSTALL_TESTS_FALSE=''
INSTALL_TESTS_TRUE='#'
LD='/usr/bin/ld -m elf_x86_64'
LDFLAGS=''
LIBOBJS=''
LIBS=''
LIBTOOL='$(SHELL) $(top_builddir)/libtool'
LIPO=''
LN_S='ln -s'
LTLIBOBJS=''
LZO_CFLAGS=''
LZO_LIBS='-llzo2'
MAKEINFO='${SHELL} /home/inteno/jenkins/workspace/iopsysWrt-Milestones/build_dir/target-arm_xscale_musl_eabi/bcmkernel-4.1-502070/bcm963xx/hostTools/mtd-utils-2.0.1/missing --run makeinfo'
MANIFEST_TOOL=':'
MKDIR_P='/bin/mkdir -p'
NM='/usr/bin/nm -B'
NMEDIT=''
OBJDUMP='objdump'
OBJEXT='o'
OTOOL64=''
OTOOL=''
PACKAGE='mtd-utils'
PACKAGE_BUGREPORT='linux-mtd@lists.infradead.org'
PACKAGE_NAME='mtd-utils'
PACKAGE_STRING='mtd-utils 2.0.1'
PACKAGE_TARNAME='mtd-utils'
PACKAGE_URL=''
PACKAGE_VERSION='2.0.1'
PATH_SEPARATOR=':'
PKG_CONFIG='/usr/bin/pkg-config'
PKG_CONFIG_LIBDIR=''
PKG_CONFIG_PATH=''
PTHREAD_CC=''
PTHREAD_CFLAGS=''
PTHREAD_LIBS=''
RANLIB='ranlib'
SED='/bin/sed'
SET_MAKE=''
SHELL='/bin/sh'
STRIP='strip'
UNIT_TESTS_FALSE=''
UNIT_TESTS_TRUE='#'
UUID_CFLAGS='-I/usr/include/uuid'
UUID_LIBS='-luuid'
VERSION='2.0.1'
WARN_CFLAGS=' -Wall -Wextra -Wunused -Wmissing-prototypes -Wmissing-declarations -Wwrite-strings -Wjump-misses-init -Wuninitialized -Winit-self -Wlogical-op -Wunused-but-set-parameter -Wunused-but-set-variable -Wunused-parameter -Wunused-result -Wunused-variable -Wno-shadow -Wno-sign-compare'
WITHOUT_LZO_FALSE=''
WITHOUT_LZO_TRUE='#'
WITHOUT_XATTR_FALSE='#'
WITHOUT_XATTR_TRUE=''
ZLIB_CFLAGS=''
ZLIB_LIBS='-lz'
ac_ct_AR='ar'
ac_ct_CC='gcc'
ac_ct_DUMPBIN=''
am__EXEEXT_FALSE=''
am__EXEEXT_TRUE='#'
am__fastdepCC_FALSE='#'
am__fastdepCC_TRUE=''
am__include='include'
am__isrc=''
am__leading_dot='.'
am__nodep='_no'
am__quote=''
am__tar='$${TAR-tar} chof - "$$tardir"'
am__untar='$${TAR-tar} xf -'
ax_pthread_config=''
bindir='${exec_prefix}/bin'
build='x86_64-unknown-linux-gnu'
build_alias=''
build_cpu='x86_64'
build_os='linux-gnu'
build_vendor='unknown'
datadir='${datarootdir}'
datarootdir='${prefix}/share'
docdir='${datarootdir}/doc/${PACKAGE_TARNAME}'
dvidir='${docdir}'
exec_prefix='${prefix}'
host='x86_64-unknown-linux-gnu'
host_alias=''
host_cpu='x86_64'
host_os='linux-gnu'
host_vendor='unknown'
htmldir='${docdir}'
includedir='${prefix}/include'
infodir='${datarootdir}/info'
install_sh='${SHELL} /home/inteno/jenkins/workspace/iopsysWrt-Milestones/build_dir/target-arm_xscale_musl_eabi/bcmkernel-4.1-502070/bcm963xx/hostTools/mtd-utils-2.0.1/install-sh'
libdir='${exec_prefix}/lib'
libexecdir='${exec_prefix}/libexec'
localedir='${datarootdir}/locale'
localstatedir='${prefix}/var'
mandir='${datarootdir}/man'
mkdir_p='/bin/mkdir -p'
oldincludedir='/usr/include'
pdfdir='${docdir}'
prefix='/usr/local'
program_transform_name='s,x,x,'
psdir='${docdir}'
sbindir='${exec_prefix}/sbin'
sharedstatedir='${prefix}/com'
sysconfdir='${prefix}/etc'
target_alias=''
testbindir='"."'

## ----------- ##
## confdefs.h. ##
## ----------- ##

/* confdefs.h */
#define PACKAGE_NAME "mtd-utils"
#define PACKAGE_TARNAME "mtd-utils"
#define PACKAGE_VERSION "2.0.1"
#define PACKAGE_STRING "mtd-utils 2.0.1"
#define PACKAGE_BUGREPORT "linux-mtd@lists.infradead.org"
#define PACKAGE_URL ""
#define PACKAGE "mtd-utils"
#define VERSION "2.0.1"
#define STDC_HEADERS 1
#define HAVE_SYS_TYPES_H 1
#define HAVE_SYS_STAT_H 1
#define HAVE_STDLIB_H 1
#define HAVE_STRING_H 1
#define HAVE_MEMORY_H 1
#define HAVE_STRINGS_H 1
#define HAVE_INTTYPES_H 1
#define HAVE_STDINT_H 1
#define HAVE_UNISTD_H 1
#define HAVE_DLFCN_H 1
#define LT_OBJDIR ".libs/"
#define HAVE_EXECINFO_H 1
#define SIZEOF_OFF_T 8
#define SIZEOF_LOFF_T 8

configure: exit 0
